<?xml version="1.0" encoding="UTF-8"?>
<coverage generated="1568231841580" clover="3.2.0">
  <project timestamp="1568231841580" name="All files">
    <metrics statements="76" coveredstatements="76" conditionals="26" coveredconditionals="26" methods="47" coveredmethods="47" elements="149" coveredelements="149" complexity="0" loc="76" ncloc="76" packages="2" files="8" classes="8"/>
    <package name="src">
      <metrics statements="26" coveredstatements="26" conditionals="16" coveredconditionals="16" methods="15" coveredmethods="15"/>
      <file name="genDiff.js" path="/home/vagrant/backend-project-lvl2/src/genDiff.js">
        <metrics statements="23" coveredstatements="23" conditionals="14" coveredconditionals="14" methods="13" coveredmethods="13"/>
        <line num="13" count="1" type="stmt"/>
        <line num="16" count="189" type="cond" truecount="4" falsecount="0"/>
        <line num="18" count="27" type="stmt"/>
        <line num="22" count="162" type="cond" truecount="3" falsecount="0"/>
        <line num="28" count="126" type="cond" truecount="3" falsecount="0"/>
        <line num="30" count="36" type="stmt"/>
        <line num="34" count="90" type="cond" truecount="2" falsecount="0"/>
        <line num="39" count="54" type="cond" truecount="2" falsecount="0"/>
        <line num="40" count="54" type="stmt"/>
        <line num="44" count="45" type="stmt"/>
        <line num="45" count="621" type="stmt"/>
        <line num="46" count="189" type="stmt"/>
        <line num="47" count="189" type="stmt"/>
        <line num="50" count="1" type="stmt"/>
        <line num="51" count="36" type="stmt"/>
        <line num="52" count="36" type="stmt"/>
        <line num="53" count="36" type="stmt"/>
        <line num="54" count="36" type="stmt"/>
        <line num="58" count="18" type="stmt"/>
        <line num="59" count="18" type="stmt"/>
        <line num="60" count="18" type="stmt"/>
        <line num="61" count="18" type="stmt"/>
        <line num="62" count="18" type="stmt"/>
      </file>
      <file name="index.js" path="/home/vagrant/backend-project-lvl2/src/index.js">
        <metrics statements="0" coveredstatements="0" conditionals="0" coveredconditionals="0" methods="0" coveredmethods="0"/>
      </file>
      <file name="parsers.js" path="/home/vagrant/backend-project-lvl2/src/parsers.js">
        <metrics statements="2" coveredstatements="2" conditionals="0" coveredconditionals="0" methods="1" coveredmethods="1"/>
        <line num="5" count="1" type="stmt"/>
        <line num="11" count="36" type="stmt"/>
      </file>
      <file name="utils.js" path="/home/vagrant/backend-project-lvl2/src/utils.js">
        <metrics statements="1" coveredstatements="1" conditionals="2" coveredconditionals="2" methods="1" coveredmethods="1"/>
        <line num="1" count="258" type="cond" truecount="2" falsecount="0"/>
      </file>
    </package>
    <package name="src.formatters">
      <metrics statements="50" coveredstatements="50" conditionals="10" coveredconditionals="10" methods="32" coveredmethods="32"/>
      <file name="basic.js" path="/home/vagrant/backend-project-lvl2/src/formatters/basic.js">
        <metrics statements="22" coveredstatements="22" conditionals="2" coveredconditionals="2" methods="15" coveredmethods="15"/>
        <line num="3" count="1" type="stmt"/>
        <line num="5" count="120" type="stmt"/>
        <line num="7" count="1" type="stmt"/>
        <line num="8" count="81" type="cond" truecount="2" falsecount="0"/>
        <line num="9" count="66" type="stmt"/>
        <line num="11" count="15" type="stmt"/>
        <line num="12" count="15" type="stmt"/>
        <line num="14" count="15" type="stmt"/>
        <line num="17" count="66" type="stmt"/>
        <line num="19" count="24" type="stmt"/>
        <line num="21" count="30" type="stmt"/>
        <line num="23" count="1" type="stmt"/>
        <line num="24" count="12" type="stmt"/>
        <line num="25" count="12" type="stmt"/>
        <line num="26" count="18" type="stmt"/>
        <line num="27" count="12" type="stmt"/>
        <line num="28" count="9" type="stmt"/>
        <line num="31" count="63" type="stmt"/>
        <line num="34" count="6" type="stmt"/>
        <line num="35" count="63" type="stmt"/>
        <line num="38" count="15" type="stmt"/>
        <line num="40" count="6" type="stmt"/>
      </file>
      <file name="index.js" path="/home/vagrant/backend-project-lvl2/src/formatters/index.js">
        <metrics statements="3" coveredstatements="3" conditionals="0" coveredconditionals="0" methods="1" coveredmethods="1"/>
        <line num="7" count="1" type="stmt"/>
        <line num="14" count="1" type="stmt"/>
        <line num="16" count="18" type="stmt"/>
      </file>
      <file name="json.js" path="/home/vagrant/backend-project-lvl2/src/formatters/json.js">
        <metrics statements="5" coveredstatements="5" conditionals="2" coveredconditionals="2" methods="4" coveredmethods="4"/>
        <line num="1" count="63" type="stmt"/>
        <line num="4" count="15" type="stmt"/>
        <line num="5" count="63" type="stmt"/>
        <line num="12" count="6" type="stmt"/>
        <line num="13" count="6" type="stmt"/>
      </file>
      <file name="plain.js" path="/home/vagrant/backend-project-lvl2/src/formatters/plain.js">
        <metrics statements="20" coveredstatements="20" conditionals="6" coveredconditionals="6" methods="12" coveredmethods="12"/>
        <line num="3" count="21" type="stmt"/>
        <line num="5" count="1" type="stmt"/>
        <line num="6" count="42" type="cond" truecount="2" falsecount="0"/>
        <line num="7" count="12" type="stmt"/>
        <line num="9" count="30" type="cond" truecount="2" falsecount="0"/>
        <line num="10" count="9" type="stmt"/>
        <line num="12" count="21" type="cond" truecount="2" falsecount="0"/>
        <line num="13" count="6" type="stmt"/>
        <line num="15" count="15" type="stmt"/>
        <line num="18" count="54" type="stmt"/>
        <line num="20" count="1" type="stmt"/>
        <line num="21" count="12" type="stmt"/>
        <line num="22" count="12" type="stmt"/>
        <line num="23" count="18" type="stmt"/>
        <line num="25" count="12" type="stmt"/>
        <line num="26" count="9" type="stmt"/>
        <line num="29" count="63" type="stmt"/>
        <line num="32" count="15" type="stmt"/>
        <line num="33" count="63" type="stmt"/>
        <line num="35" count="6" type="stmt"/>
      </file>
    </package>
  </project>
</coverage>
