{"/home/vagrant/backend-project-lvl2/src/genDiff.js": {"path":"/home/vagrant/backend-project-lvl2/src/genDiff.js","statementMap":{"0":{"start":{"line":13,"column":18},"end":{"line":42,"column":1}},"1":{"start":{"line":16,"column":35},"end":{"line":17,"column":54}},"2":{"start":{"line":18,"column":38},"end":{"line":18,"column":57}},"3":{"start":{"line":22,"column":35},"end":{"line":23,"column":43}},"4":{"start":{"line":28,"column":35},"end":{"line":29,"column":44}},"5":{"start":{"line":30,"column":37},"end":{"line":30,"column":57}},"6":{"start":{"line":34,"column":35},"end":{"line":34,"column":75}},"7":{"start":{"line":39,"column":35},"end":{"line":39,"column":75}},"8":{"start":{"line":40,"column":31},"end":{"line":40,"column":36}},"9":{"start":{"line":44,"column":17},"end":{"line":48,"column":2}},"10":{"start":{"line":44,"column":36},"end":{"line":48,"column":2}},"11":{"start":{"line":45,"column":28},"end":{"line":45,"column":87}},"12":{"start":{"line":45,"column":56},"end":{"line":45,"column":86}},"13":{"start":{"line":46,"column":16},"end":{"line":46,"column":58}},"14":{"start":{"line":47,"column":2},"end":{"line":47,"column":30}},"15":{"start":{"line":50,"column":24},"end":{"line":55,"column":1}},"16":{"start":{"line":51,"column":15},"end":{"line":51,"column":46}},"17":{"start":{"line":52,"column":21},"end":{"line":52,"column":38}},"18":{"start":{"line":53,"column":16},"end":{"line":53,"column":37}},"19":{"start":{"line":54,"column":2},"end":{"line":54,"column":21}},"20":{"start":{"line":58,"column":16},"end":{"line":58,"column":44}},"21":{"start":{"line":59,"column":17},"end":{"line":59,"column":46}},"22":{"start":{"line":60,"column":15},"end":{"line":60,"column":38}},"23":{"start":{"line":61,"column":17},"end":{"line":61,"column":43}},"24":{"start":{"line":62,"column":2},"end":{"line":62,"column":22}}},"fnMap":{"0":{"name":"(anonymous_0)","decl":{"start":{"line":16,"column":11},"end":{"line":16,"column":12}},"loc":{"start":{"line":16,"column":35},"end":{"line":17,"column":54}},"line":16},"1":{"name":"(anonymous_1)","decl":{"start":{"line":18,"column":13},"end":{"line":18,"column":14}},"loc":{"start":{"line":18,"column":38},"end":{"line":18,"column":57}},"line":18},"2":{"name":"(anonymous_2)","decl":{"start":{"line":22,"column":11},"end":{"line":22,"column":12}},"loc":{"start":{"line":22,"column":35},"end":{"line":23,"column":43}},"line":22},"3":{"name":"(anonymous_3)","decl":{"start":{"line":28,"column":11},"end":{"line":28,"column":12}},"loc":{"start":{"line":28,"column":35},"end":{"line":29,"column":44}},"line":28},"4":{"name":"(anonymous_4)","decl":{"start":{"line":30,"column":13},"end":{"line":30,"column":14}},"loc":{"start":{"line":30,"column":37},"end":{"line":30,"column":57}},"line":30},"5":{"name":"(anonymous_5)","decl":{"start":{"line":34,"column":11},"end":{"line":34,"column":12}},"loc":{"start":{"line":34,"column":35},"end":{"line":34,"column":75}},"line":34},"6":{"name":"(anonymous_6)","decl":{"start":{"line":39,"column":11},"end":{"line":39,"column":12}},"loc":{"start":{"line":39,"column":35},"end":{"line":39,"column":75}},"line":39},"7":{"name":"(anonymous_7)","decl":{"start":{"line":40,"column":13},"end":{"line":40,"column":14}},"loc":{"start":{"line":40,"column":31},"end":{"line":40,"column":36}},"line":40},"8":{"name":"(anonymous_8)","decl":{"start":{"line":44,"column":17},"end":{"line":44,"column":18}},"loc":{"start":{"line":44,"column":36},"end":{"line":48,"column":2}},"line":44},"9":{"name":"(anonymous_9)","decl":{"start":{"line":44,"column":79},"end":{"line":44,"column":80}},"loc":{"start":{"line":44,"column":88},"end":{"line":48,"column":1}},"line":44},"10":{"name":"(anonymous_10)","decl":{"start":{"line":45,"column":46},"end":{"line":45,"column":47}},"loc":{"start":{"line":45,"column":56},"end":{"line":45,"column":86}},"line":45},"11":{"name":"(anonymous_11)","decl":{"start":{"line":50,"column":24},"end":{"line":50,"column":25}},"loc":{"start":{"line":50,"column":38},"end":{"line":55,"column":1}},"line":50},"12":{"name":"(anonymous_12)","decl":{"start":{"line":57,"column":15},"end":{"line":57,"column":16}},"loc":{"start":{"line":57,"column":60},"end":{"line":63,"column":1}},"line":57}},"branchMap":{"0":{"loc":{"start":{"line":16,"column":35},"end":{"line":17,"column":54}},"type":"binary-expr","locations":[{"start":{"line":16,"column":35},"end":{"line":16,"column":52}},{"start":{"line":16,"column":56},"end":{"line":16,"column":74}},{"start":{"line":17,"column":9},"end":{"line":17,"column":29}},{"start":{"line":17,"column":33},"end":{"line":17,"column":54}}],"line":16},"1":{"loc":{"start":{"line":22,"column":35},"end":{"line":23,"column":43}},"type":"binary-expr","locations":[{"start":{"line":22,"column":35},"end":{"line":22,"column":52}},{"start":{"line":22,"column":56},"end":{"line":22,"column":74}},{"start":{"line":23,"column":9},"end":{"line":23,"column":43}}],"line":22},"2":{"loc":{"start":{"line":28,"column":35},"end":{"line":29,"column":44}},"type":"binary-expr","locations":[{"start":{"line":28,"column":35},"end":{"line":28,"column":52}},{"start":{"line":28,"column":56},"end":{"line":28,"column":74}},{"start":{"line":29,"column":9},"end":{"line":29,"column":44}}],"line":28},"3":{"loc":{"start":{"line":34,"column":35},"end":{"line":34,"column":75}},"type":"binary-expr","locations":[{"start":{"line":34,"column":35},"end":{"line":34,"column":52}},{"start":{"line":34,"column":56},"end":{"line":34,"column":75}}],"line":34},"4":{"loc":{"start":{"line":39,"column":35},"end":{"line":39,"column":75}},"type":"binary-expr","locations":[{"start":{"line":39,"column":35},"end":{"line":39,"column":53}},{"start":{"line":39,"column":57},"end":{"line":39,"column":75}}],"line":39}},"s":{"0":1,"1":189,"2":27,"3":162,"4":126,"5":36,"6":90,"7":54,"8":54,"9":1,"10":45,"11":189,"12":621,"13":189,"14":189,"15":1,"16":36,"17":36,"18":36,"19":36,"20":18,"21":18,"22":18,"23":18,"24":18},"f":{"0":189,"1":27,"2":162,"3":126,"4":36,"5":90,"6":54,"7":54,"8":45,"9":189,"10":621,"11":36,"12":18},"b":{"0":[189,135,99,36],"1":[162,108,72],"2":[126,72,36],"3":[90,36],"4":[54,54]},"_coverageSchema":"43e27e138ebf9cfc5966b082cf9a028302ed4184","hash":"faedf8632e6e8f8295bd3b2206fb756c958c50f9"}
,"/home/vagrant/backend-project-lvl2/src/index.js": {"path":"/home/vagrant/backend-project-lvl2/src/index.js","statementMap":{},"fnMap":{},"branchMap":{},"s":{},"f":{},"b":{},"_coverageSchema":"43e27e138ebf9cfc5966b082cf9a028302ed4184","hash":"c3358ccd6f785d298278db1338f36a3a2d6ec175"}
,"/home/vagrant/backend-project-lvl2/src/parsers.js": {"path":"/home/vagrant/backend-project-lvl2/src/parsers.js","statementMap":{"0":{"start":{"line":5,"column":16},"end":{"line":9,"column":1}},"1":{"start":{"line":11,"column":31},"end":{"line":11,"column":50}}},"fnMap":{"0":{"name":"(anonymous_0)","decl":{"start":{"line":11,"column":15},"end":{"line":11,"column":16}},"loc":{"start":{"line":11,"column":31},"end":{"line":11,"column":50}},"line":11}},"branchMap":{},"s":{"0":1,"1":36},"f":{"0":36},"b":{},"_coverageSchema":"43e27e138ebf9cfc5966b082cf9a028302ed4184","hash":"dbaeff3a18cfce171f90def0cf93c97edf706f71"}
,"/home/vagrant/backend-project-lvl2/src/utils.js": {"path":"/home/vagrant/backend-project-lvl2/src/utils.js","statementMap":{"0":{"start":{"line":1,"column":27},"end":{"line":1,"column":81}}},"fnMap":{"0":{"name":"(anonymous_0)","decl":{"start":{"line":1,"column":15},"end":{"line":1,"column":16}},"loc":{"start":{"line":1,"column":27},"end":{"line":1,"column":81}},"line":1}},"branchMap":{"0":{"loc":{"start":{"line":1,"column":27},"end":{"line":1,"column":81}},"type":"binary-expr","locations":[{"start":{"line":1,"column":27},"end":{"line":1,"column":52}},{"start":{"line":1,"column":57},"end":{"line":1,"column":80}}],"line":1}},"s":{"0":258},"f":{"0":258},"b":{"0":[258,258]},"_coverageSchema":"43e27e138ebf9cfc5966b082cf9a028302ed4184","hash":"bb7cef12471163620c43e8fbf7f21d3e972e4887"}
,"/home/vagrant/backend-project-lvl2/src/formatters/basic.js": {"path":"/home/vagrant/backend-project-lvl2/src/formatters/basic.js","statementMap":{"0":{"start":{"line":3,"column":21},"end":{"line":3,"column":22}},"1":{"start":{"line":5,"column":15},"end":{"line":5,"column":58}},"2":{"start":{"line":5,"column":26},"end":{"line":5,"column":58}},"3":{"start":{"line":7,"column":18},"end":{"line":15,"column":1}},"4":{"start":{"line":8,"column":2},"end":{"line":10,"column":3}},"5":{"start":{"line":9,"column":4},"end":{"line":9,"column":23}},"6":{"start":{"line":11,"column":17},"end":{"line":13,"column":13}},"7":{"start":{"line":12,"column":27},"end":{"line":12,"column":87}},"8":{"start":{"line":14,"column":2},"end":{"line":14,"column":43}},"9":{"start":{"line":17,"column":17},"end":{"line":17,"column":116}},"10":{"start":{"line":17,"column":48},"end":{"line":17,"column":116}},"11":{"start":{"line":19,"column":21},"end":{"line":19,"column":56}},"12":{"start":{"line":19,"column":34},"end":{"line":19,"column":56}},"13":{"start":{"line":21,"column":19},"end":{"line":21,"column":54}},"14":{"start":{"line":21,"column":32},"end":{"line":21,"column":54}},"15":{"start":{"line":23,"column":22},"end":{"line":29,"column":1}},"16":{"start":{"line":24,"column":31},"end":{"line":24,"column":63}},"17":{"start":{"line":25,"column":34},"end":{"line":25,"column":65}},"18":{"start":{"line":26,"column":32},"end":{"line":26,"column":61}},"19":{"start":{"line":27,"column":49},"end":{"line":27,"column":123}},"20":{"start":{"line":28,"column":40},"end":{"line":28,"column":95}},"21":{"start":{"line":31,"column":20},"end":{"line":31,"column":49}},"22":{"start":{"line":31,"column":30},"end":{"line":31,"column":49}},"23":{"start":{"line":34,"column":15},"end":{"line":39,"column":3}},"24":{"start":{"line":35,"column":19},"end":{"line":37,"column":15}},"25":{"start":{"line":35,"column":54},"end":{"line":37,"column":5}},"26":{"start":{"line":38,"column":4},"end":{"line":38,"column":45}},"27":{"start":{"line":40,"column":2},"end":{"line":40,"column":23}}},"fnMap":{"0":{"name":"(anonymous_0)","decl":{"start":{"line":5,"column":15},"end":{"line":5,"column":16}},"loc":{"start":{"line":5,"column":26},"end":{"line":5,"column":58}},"line":5},"1":{"name":"(anonymous_1)","decl":{"start":{"line":7,"column":18},"end":{"line":7,"column":19}},"loc":{"start":{"line":7,"column":35},"end":{"line":15,"column":1}},"line":7},"2":{"name":"(anonymous_2)","decl":{"start":{"line":12,"column":9},"end":{"line":12,"column":10}},"loc":{"start":{"line":12,"column":27},"end":{"line":12,"column":87}},"line":12},"3":{"name":"(anonymous_3)","decl":{"start":{"line":17,"column":17},"end":{"line":17,"column":18}},"loc":{"start":{"line":17,"column":48},"end":{"line":17,"column":116}},"line":17},"4":{"name":"(anonymous_4)","decl":{"start":{"line":19,"column":21},"end":{"line":19,"column":22}},"loc":{"start":{"line":19,"column":34},"end":{"line":19,"column":56}},"line":19},"5":{"name":"(anonymous_5)","decl":{"start":{"line":21,"column":19},"end":{"line":21,"column":20}},"loc":{"start":{"line":21,"column":32},"end":{"line":21,"column":54}},"line":21},"6":{"name":"(anonymous_6)","decl":{"start":{"line":24,"column":8},"end":{"line":24,"column":9}},"loc":{"start":{"line":24,"column":31},"end":{"line":24,"column":63}},"line":24},"7":{"name":"(anonymous_7)","decl":{"start":{"line":25,"column":11},"end":{"line":25,"column":12}},"loc":{"start":{"line":25,"column":34},"end":{"line":25,"column":65}},"line":25},"8":{"name":"(anonymous_8)","decl":{"start":{"line":26,"column":9},"end":{"line":26,"column":10}},"loc":{"start":{"line":26,"column":32},"end":{"line":26,"column":61}},"line":26},"9":{"name":"(anonymous_9)","decl":{"start":{"line":27,"column":11},"end":{"line":27,"column":12}},"loc":{"start":{"line":27,"column":49},"end":{"line":27,"column":123}},"line":27},"10":{"name":"(anonymous_10)","decl":{"start":{"line":28,"column":11},"end":{"line":28,"column":12}},"loc":{"start":{"line":28,"column":40},"end":{"line":28,"column":95}},"line":28},"11":{"name":"(anonymous_11)","decl":{"start":{"line":31,"column":20},"end":{"line":31,"column":21}},"loc":{"start":{"line":31,"column":30},"end":{"line":31,"column":49}},"line":31},"12":{"name":"(anonymous_12)","decl":{"start":{"line":33,"column":15},"end":{"line":33,"column":16}},"loc":{"start":{"line":33,"column":25},"end":{"line":41,"column":1}},"line":33},"13":{"name":"(anonymous_13)","decl":{"start":{"line":34,"column":15},"end":{"line":34,"column":16}},"loc":{"start":{"line":34,"column":32},"end":{"line":39,"column":3}},"line":34},"14":{"name":"(anonymous_14)","decl":{"start":{"line":35,"column":28},"end":{"line":35,"column":29}},"loc":{"start":{"line":35,"column":54},"end":{"line":37,"column":5}},"line":35}},"branchMap":{"0":{"loc":{"start":{"line":8,"column":2},"end":{"line":10,"column":3}},"type":"if","locations":[{"start":{"line":8,"column":2},"end":{"line":10,"column":3}},{"start":{"line":8,"column":2},"end":{"line":10,"column":3}}],"line":8}},"s":{"0":1,"1":1,"2":120,"3":1,"4":81,"5":66,"6":15,"7":15,"8":15,"9":1,"10":66,"11":1,"12":24,"13":1,"14":30,"15":1,"16":12,"17":12,"18":18,"19":12,"20":9,"21":1,"22":63,"23":6,"24":15,"25":63,"26":15,"27":6},"f":{"0":120,"1":81,"2":15,"3":66,"4":24,"5":30,"6":12,"7":12,"8":18,"9":12,"10":9,"11":63,"12":6,"13":15,"14":63},"b":{"0":[66,15]},"_coverageSchema":"43e27e138ebf9cfc5966b082cf9a028302ed4184","hash":"3a7fc61b03a7bbda7be8c57540fc84541d6237c0"}
,"/home/vagrant/backend-project-lvl2/src/formatters/index.js": {"path":"/home/vagrant/backend-project-lvl2/src/formatters/index.js","statementMap":{"0":{"start":{"line":7,"column":19},"end":{"line":12,"column":1}},"1":{"start":{"line":14,"column":29},"end":{"line":14,"column":59}},"2":{"start":{"line":16,"column":33},"end":{"line":16,"column":57}}},"fnMap":{"0":{"name":"(anonymous_0)","decl":{"start":{"line":16,"column":15},"end":{"line":16,"column":16}},"loc":{"start":{"line":16,"column":33},"end":{"line":16,"column":57}},"line":16}},"branchMap":{},"s":{"0":1,"1":1,"2":18},"f":{"0":18},"b":{},"_coverageSchema":"43e27e138ebf9cfc5966b082cf9a028302ed4184","hash":"509729d86723e349cc1687cf849dba4a47f5d0d7"}
,"/home/vagrant/backend-project-lvl2/src/formatters/json.js": {"path":"/home/vagrant/backend-project-lvl2/src/formatters/json.js","statementMap":{"0":{"start":{"line":1,"column":18},"end":{"line":1,"column":44}},"1":{"start":{"line":1,"column":27},"end":{"line":1,"column":44}},"2":{"start":{"line":4,"column":15},"end":{"line":11,"column":11}},"3":{"start":{"line":4,"column":25},"end":{"line":11,"column":11}},"4":{"start":{"line":5,"column":44},"end":{"line":11,"column":5}},"5":{"start":{"line":12,"column":17},"end":{"line":12,"column":27}},"6":{"start":{"line":13,"column":2},"end":{"line":13,"column":51}}},"fnMap":{"0":{"name":"(anonymous_0)","decl":{"start":{"line":1,"column":18},"end":{"line":1,"column":19}},"loc":{"start":{"line":1,"column":27},"end":{"line":1,"column":44}},"line":1},"1":{"name":"(anonymous_1)","decl":{"start":{"line":3,"column":15},"end":{"line":3,"column":16}},"loc":{"start":{"line":3,"column":25},"end":{"line":14,"column":1}},"line":3},"2":{"name":"(anonymous_2)","decl":{"start":{"line":4,"column":15},"end":{"line":4,"column":16}},"loc":{"start":{"line":4,"column":25},"end":{"line":11,"column":11}},"line":4},"3":{"name":"(anonymous_3)","decl":{"start":{"line":5,"column":12},"end":{"line":5,"column":13}},"loc":{"start":{"line":5,"column":44},"end":{"line":11,"column":5}},"line":5}},"branchMap":{"0":{"loc":{"start":{"line":9,"column":16},"end":{"line":9,"column":53}},"type":"cond-expr","locations":[{"start":{"line":9,"column":34},"end":{"line":9,"column":45}},{"start":{"line":9,"column":48},"end":{"line":9,"column":53}}],"line":9}},"s":{"0":1,"1":63,"2":6,"3":15,"4":63,"5":6,"6":6},"f":{"0":63,"1":6,"2":15,"3":63},"b":{"0":[9,54]},"_coverageSchema":"43e27e138ebf9cfc5966b082cf9a028302ed4184","hash":"1d66c946b3309cd020a08709e2c2b070dad4b709"}
,"/home/vagrant/backend-project-lvl2/src/formatters/plain.js": {"path":"/home/vagrant/backend-project-lvl2/src/formatters/plain.js","statementMap":{"0":{"start":{"line":3,"column":17},"end":{"line":3,"column":56}},"1":{"start":{"line":3,"column":28},"end":{"line":3,"column":56}},"2":{"start":{"line":5,"column":18},"end":{"line":16,"column":1}},"3":{"start":{"line":6,"column":2},"end":{"line":8,"column":3}},"4":{"start":{"line":7,"column":4},"end":{"line":7,"column":29}},"5":{"start":{"line":9,"column":2},"end":{"line":11,"column":3}},"6":{"start":{"line":10,"column":4},"end":{"line":10,"column":17}},"7":{"start":{"line":12,"column":2},"end":{"line":14,"column":3}},"8":{"start":{"line":13,"column":4},"end":{"line":13,"column":25}},"9":{"start":{"line":15,"column":2},"end":{"line":15,"column":22}},"10":{"start":{"line":18,"column":17},"end":{"line":18,"column":61}},"11":{"start":{"line":18,"column":27},"end":{"line":18,"column":61}},"12":{"start":{"line":20,"column":22},"end":{"line":27,"column":1}},"13":{"start":{"line":21,"column":18},"end":{"line":21,"column":54}},"14":{"start":{"line":22,"column":21},"end":{"line":22,"column":50}},"15":{"start":{"line":23,"column":26},"end":{"line":23,"column":85}},"16":{"start":{"line":25,"column":4},"end":{"line":25,"column":88}},"17":{"start":{"line":26,"column":34},"end":{"line":26,"column":51}},"18":{"start":{"line":29,"column":20},"end":{"line":29,"column":49}},"19":{"start":{"line":29,"column":30},"end":{"line":29,"column":49}},"20":{"start":{"line":32,"column":15},"end":{"line":34,"column":12}},"21":{"start":{"line":32,"column":34},"end":{"line":34,"column":12}},"22":{"start":{"line":33,"column":30},"end":{"line":33,"column":79}},"23":{"start":{"line":35,"column":2},"end":{"line":35,"column":24}}},"fnMap":{"0":{"name":"(anonymous_0)","decl":{"start":{"line":3,"column":17},"end":{"line":3,"column":18}},"loc":{"start":{"line":3,"column":28},"end":{"line":3,"column":56}},"line":3},"1":{"name":"(anonymous_1)","decl":{"start":{"line":5,"column":18},"end":{"line":5,"column":19}},"loc":{"start":{"line":5,"column":29},"end":{"line":16,"column":1}},"line":5},"2":{"name":"(anonymous_2)","decl":{"start":{"line":18,"column":17},"end":{"line":18,"column":18}},"loc":{"start":{"line":18,"column":27},"end":{"line":18,"column":61}},"line":18},"3":{"name":"(anonymous_3)","decl":{"start":{"line":21,"column":8},"end":{"line":21,"column":9}},"loc":{"start":{"line":21,"column":18},"end":{"line":21,"column":54}},"line":21},"4":{"name":"(anonymous_4)","decl":{"start":{"line":22,"column":11},"end":{"line":22,"column":12}},"loc":{"start":{"line":22,"column":21},"end":{"line":22,"column":50}},"line":22},"5":{"name":"(anonymous_5)","decl":{"start":{"line":23,"column":9},"end":{"line":23,"column":10}},"loc":{"start":{"line":23,"column":26},"end":{"line":23,"column":85}},"line":23},"6":{"name":"(anonymous_6)","decl":{"start":{"line":24,"column":11},"end":{"line":24,"column":12}},"loc":{"start":{"line":25,"column":4},"end":{"line":25,"column":88}},"line":25},"7":{"name":"(anonymous_7)","decl":{"start":{"line":26,"column":11},"end":{"line":26,"column":12}},"loc":{"start":{"line":26,"column":34},"end":{"line":26,"column":51}},"line":26},"8":{"name":"(anonymous_8)","decl":{"start":{"line":29,"column":20},"end":{"line":29,"column":21}},"loc":{"start":{"line":29,"column":30},"end":{"line":29,"column":49}},"line":29},"9":{"name":"(anonymous_9)","decl":{"start":{"line":31,"column":15},"end":{"line":31,"column":16}},"loc":{"start":{"line":31,"column":25},"end":{"line":36,"column":1}},"line":31},"10":{"name":"(anonymous_10)","decl":{"start":{"line":32,"column":15},"end":{"line":32,"column":16}},"loc":{"start":{"line":32,"column":34},"end":{"line":34,"column":12}},"line":32},"11":{"name":"(anonymous_11)","decl":{"start":{"line":33,"column":4},"end":{"line":33,"column":5}},"loc":{"start":{"line":33,"column":30},"end":{"line":33,"column":79}},"line":33}},"branchMap":{"0":{"loc":{"start":{"line":6,"column":2},"end":{"line":8,"column":3}},"type":"if","locations":[{"start":{"line":6,"column":2},"end":{"line":8,"column":3}},{"start":{"line":6,"column":2},"end":{"line":8,"column":3}}],"line":6},"1":{"loc":{"start":{"line":9,"column":2},"end":{"line":11,"column":3}},"type":"if","locations":[{"start":{"line":9,"column":2},"end":{"line":11,"column":3}},{"start":{"line":9,"column":2},"end":{"line":11,"column":3}}],"line":9},"2":{"loc":{"start":{"line":12,"column":2},"end":{"line":14,"column":3}},"type":"if","locations":[{"start":{"line":12,"column":2},"end":{"line":14,"column":3}},{"start":{"line":12,"column":2},"end":{"line":14,"column":3}}],"line":12}},"s":{"0":1,"1":21,"2":1,"3":42,"4":12,"5":30,"6":9,"7":21,"8":6,"9":15,"10":1,"11":54,"12":1,"13":12,"14":12,"15":18,"16":12,"17":9,"18":1,"19":63,"20":6,"21":15,"22":63,"23":6},"f":{"0":21,"1":42,"2":54,"3":12,"4":12,"5":18,"6":12,"7":9,"8":63,"9":6,"10":15,"11":63},"b":{"0":[12,30],"1":[9,21],"2":[6,15]},"_coverageSchema":"43e27e138ebf9cfc5966b082cf9a028302ed4184","hash":"8c6e5c34f0f31617c9feb1f4f2c27dc602bd7eb4"}
}
