TN:
SF:/home/vagrant/backend-project-lvl2/src/genDiff.js
FN:16,(anonymous_0)
FN:18,(anonymous_1)
FN:22,(anonymous_2)
FN:28,(anonymous_3)
FN:30,(anonymous_4)
FN:34,(anonymous_5)
FN:39,(anonymous_6)
FN:40,(anonymous_7)
FN:44,(anonymous_8)
FN:44,(anonymous_9)
FN:45,(anonymous_10)
FN:50,(anonymous_11)
FN:57,(anonymous_12)
FNF:13
FNH:13
FNDA:189,(anonymous_0)
FNDA:27,(anonymous_1)
FNDA:162,(anonymous_2)
FNDA:126,(anonymous_3)
FNDA:36,(anonymous_4)
FNDA:90,(anonymous_5)
FNDA:54,(anonymous_6)
FNDA:54,(anonymous_7)
FNDA:45,(anonymous_8)
FNDA:189,(anonymous_9)
FNDA:621,(anonymous_10)
FNDA:36,(anonymous_11)
FNDA:18,(anonymous_12)
DA:13,1
DA:16,189
DA:18,27
DA:22,162
DA:28,126
DA:30,36
DA:34,90
DA:39,54
DA:40,54
DA:44,45
DA:45,621
DA:46,189
DA:47,189
DA:50,1
DA:51,36
DA:52,36
DA:53,36
DA:54,36
DA:58,18
DA:59,18
DA:60,18
DA:61,18
DA:62,18
LF:23
LH:23
BRDA:16,0,0,189
BRDA:16,0,1,135
BRDA:16,0,2,99
BRDA:16,0,3,36
BRDA:22,1,0,162
BRDA:22,1,1,108
BRDA:22,1,2,72
BRDA:28,2,0,126
BRDA:28,2,1,72
BRDA:28,2,2,36
BRDA:34,3,0,90
BRDA:34,3,1,36
BRDA:39,4,0,54
BRDA:39,4,1,54
BRF:14
BRH:14
end_of_record
TN:
SF:/home/vagrant/backend-project-lvl2/src/index.js
FNF:0
FNH:0
LF:0
LH:0
BRF:0
BRH:0
end_of_record
TN:
SF:/home/vagrant/backend-project-lvl2/src/parsers.js
FN:11,(anonymous_0)
FNF:1
FNH:1
FNDA:36,(anonymous_0)
DA:5,1
DA:11,36
LF:2
LH:2
BRF:0
BRH:0
end_of_record
TN:
SF:/home/vagrant/backend-project-lvl2/src/utils.js
FN:1,(anonymous_0)
FNF:1
FNH:1
FNDA:258,(anonymous_0)
DA:1,258
LF:1
LH:1
BRDA:1,0,0,258
BRDA:1,0,1,258
BRF:2
BRH:2
end_of_record
TN:
SF:/home/vagrant/backend-project-lvl2/src/formatters/basic.js
FN:5,(anonymous_0)
FN:7,(anonymous_1)
FN:12,(anonymous_2)
FN:17,(anonymous_3)
FN:19,(anonymous_4)
FN:21,(anonymous_5)
FN:24,(anonymous_6)
FN:25,(anonymous_7)
FN:26,(anonymous_8)
FN:27,(anonymous_9)
FN:28,(anonymous_10)
FN:31,(anonymous_11)
FN:33,(anonymous_12)
FN:34,(anonymous_13)
FN:35,(anonymous_14)
FNF:15
FNH:15
FNDA:120,(anonymous_0)
FNDA:81,(anonymous_1)
FNDA:15,(anonymous_2)
FNDA:66,(anonymous_3)
FNDA:24,(anonymous_4)
FNDA:30,(anonymous_5)
FNDA:12,(anonymous_6)
FNDA:12,(anonymous_7)
FNDA:18,(anonymous_8)
FNDA:12,(anonymous_9)
FNDA:9,(anonymous_10)
FNDA:63,(anonymous_11)
FNDA:6,(anonymous_12)
FNDA:15,(anonymous_13)
FNDA:63,(anonymous_14)
DA:3,1
DA:5,120
DA:7,1
DA:8,81
DA:9,66
DA:11,15
DA:12,15
DA:14,15
DA:17,66
DA:19,24
DA:21,30
DA:23,1
DA:24,12
DA:25,12
DA:26,18
DA:27,12
DA:28,9
DA:31,63
DA:34,6
DA:35,63
DA:38,15
DA:40,6
LF:22
LH:22
BRDA:8,0,0,66
BRDA:8,0,1,15
BRF:2
BRH:2
end_of_record
TN:
SF:/home/vagrant/backend-project-lvl2/src/formatters/index.js
FN:16,(anonymous_0)
FNF:1
FNH:1
FNDA:18,(anonymous_0)
DA:7,1
DA:14,1
DA:16,18
LF:3
LH:3
BRF:0
BRH:0
end_of_record
TN:
SF:/home/vagrant/backend-project-lvl2/src/formatters/json.js
FN:1,(anonymous_0)
FN:3,(anonymous_1)
FN:4,(anonymous_2)
FN:5,(anonymous_3)
FNF:4
FNH:4
FNDA:63,(anonymous_0)
FNDA:6,(anonymous_1)
FNDA:15,(anonymous_2)
FNDA:63,(anonymous_3)
DA:1,63
DA:4,15
DA:5,63
DA:12,6
DA:13,6
LF:5
LH:5
BRDA:9,0,0,9
BRDA:9,0,1,54
BRF:2
BRH:2
end_of_record
TN:
SF:/home/vagrant/backend-project-lvl2/src/formatters/plain.js
FN:3,(anonymous_0)
FN:5,(anonymous_1)
FN:18,(anonymous_2)
FN:21,(anonymous_3)
FN:22,(anonymous_4)
FN:23,(anonymous_5)
FN:24,(anonymous_6)
FN:26,(anonymous_7)
FN:29,(anonymous_8)
FN:31,(anonymous_9)
FN:32,(anonymous_10)
FN:33,(anonymous_11)
FNF:12
FNH:12
FNDA:21,(anonymous_0)
FNDA:42,(anonymous_1)
FNDA:54,(anonymous_2)
FNDA:12,(anonymous_3)
FNDA:12,(anonymous_4)
FNDA:18,(anonymous_5)
FNDA:12,(anonymous_6)
FNDA:9,(anonymous_7)
FNDA:63,(anonymous_8)
FNDA:6,(anonymous_9)
FNDA:15,(anonymous_10)
FNDA:63,(anonymous_11)
DA:3,21
DA:5,1
DA:6,42
DA:7,12
DA:9,30
DA:10,9
DA:12,21
DA:13,6
DA:15,15
DA:18,54
DA:20,1
DA:21,12
DA:22,12
DA:23,18
DA:25,12
DA:26,9
DA:29,63
DA:32,15
DA:33,63
DA:35,6
LF:20
LH:20
BRDA:6,0,0,12
BRDA:6,0,1,30
BRDA:9,1,0,9
BRDA:9,1,1,21
BRDA:12,2,0,6
BRDA:12,2,1,15
BRF:6
BRH:6
end_of_record
